Build started 8/4/2017 9:15:23 AM.
     1>Project "E:\study\workspaces\visual_studio\OpenGL_win32_DirectX\Assignment4\3DRotationCubeWithoutTransfrmtnFnc\3DRotationCubeWithoutTransfrmtnFnc\3DRotationCubeWithoutTransfrmtnFnc.vcxproj" on node 2 (Build target(s)).
     1>ClCompile:
         C:\Program Files (x86)\Microsoft Visual Studio 14.0\VC\bin\CL.exe /c /ZI /nologo /W3 /WX- /Od /Oy- /D WIN32 /D _DEBUG /D _WINDOWS /D _UNICODE /D UNICODE /Gm /EHsc /RTC1 /MDd /GS /fp:precise /Zc:wchar_t /Zc:forScope /Zc:inline /Fo"Debug\\" /Fd"Debug\vc140.pdb" /Gd /TP /analyze- /errorReport:prompt 3DRoatateCubeWithoutTransformationFnc.cpp
         3DRoatateCubeWithoutTransformationFnc.cpp
     1>e:\study\workspaces\visual_studio\opengl_win32_directx\assignment4\3drotationcubewithouttransfrmtnfnc\3drotationcubewithouttransfrmtnfnc\3droatatecubewithouttransformationfnc.cpp(144): warning C4101: 'rect': unreferenced local variable
     1>e:\study\workspaces\visual_studio\opengl_win32_directx\assignment4\3drotationcubewithouttransfrmtnfnc\3drotationcubewithouttransfrmtnfnc\3droatatecubewithouttransformationfnc.cpp(358): warning C4244: 'initializing': conversion from 'double' to 'GLfloat', possible loss of data
     1>e:\study\workspaces\visual_studio\opengl_win32_directx\assignment4\3drotationcubewithouttransfrmtnfnc\3drotationcubewithouttransfrmtnfnc\3droatatecubewithouttransformationfnc.cpp(493): warning C4244: '=': conversion from 'double' to 'GLfloat', possible loss of data
     1>e:\study\workspaces\visual_studio\opengl_win32_directx\assignment4\3drotationcubewithouttransfrmtnfnc\3drotationcubewithouttransfrmtnfnc\3droatatecubewithouttransformationfnc.cpp(494): warning C4244: '=': conversion from 'double' to 'GLfloat', possible loss of data
     1>e:\study\workspaces\visual_studio\opengl_win32_directx\assignment4\3drotationcubewithouttransfrmtnfnc\3drotationcubewithouttransfrmtnfnc\3droatatecubewithouttransformationfnc.cpp(497): warning C4244: '=': conversion from 'double' to 'GLfloat', possible loss of data
     1>e:\study\workspaces\visual_studio\opengl_win32_directx\assignment4\3drotationcubewithouttransfrmtnfnc\3drotationcubewithouttransfrmtnfnc\3droatatecubewithouttransformationfnc.cpp(498): warning C4244: '=': conversion from 'double' to 'GLfloat', possible loss of data
     1>e:\study\workspaces\visual_studio\opengl_win32_directx\assignment4\3drotationcubewithouttransfrmtnfnc\3drotationcubewithouttransfrmtnfnc\3droatatecubewithouttransformationfnc.cpp(507): warning C4244: '=': conversion from 'double' to 'GLfloat', possible loss of data
     1>e:\study\workspaces\visual_studio\opengl_win32_directx\assignment4\3drotationcubewithouttransfrmtnfnc\3drotationcubewithouttransfrmtnfnc\3droatatecubewithouttransformationfnc.cpp(509): warning C4244: '=': conversion from 'double' to 'GLfloat', possible loss of data
     1>e:\study\workspaces\visual_studio\opengl_win32_directx\assignment4\3drotationcubewithouttransfrmtnfnc\3drotationcubewithouttransfrmtnfnc\3droatatecubewithouttransformationfnc.cpp(515): warning C4244: '=': conversion from 'double' to 'GLfloat', possible loss of data
     1>e:\study\workspaces\visual_studio\opengl_win32_directx\assignment4\3drotationcubewithouttransfrmtnfnc\3drotationcubewithouttransfrmtnfnc\3droatatecubewithouttransformationfnc.cpp(517): warning C4244: '=': conversion from 'double' to 'GLfloat', possible loss of data
     1>e:\study\workspaces\visual_studio\opengl_win32_directx\assignment4\3drotationcubewithouttransfrmtnfnc\3drotationcubewithouttransfrmtnfnc\3droatatecubewithouttransformationfnc.cpp(526): warning C4244: '=': conversion from 'double' to 'GLfloat', possible loss of data
     1>e:\study\workspaces\visual_studio\opengl_win32_directx\assignment4\3drotationcubewithouttransfrmtnfnc\3drotationcubewithouttransfrmtnfnc\3droatatecubewithouttransformationfnc.cpp(527): warning C4244: '=': conversion from 'double' to 'GLfloat', possible loss of data
     1>e:\study\workspaces\visual_studio\opengl_win32_directx\assignment4\3drotationcubewithouttransfrmtnfnc\3drotationcubewithouttransfrmtnfnc\3droatatecubewithouttransformationfnc.cpp(530): warning C4244: '=': conversion from 'double' to 'GLfloat', possible loss of data
     1>e:\study\workspaces\visual_studio\opengl_win32_directx\assignment4\3drotationcubewithouttransfrmtnfnc\3drotationcubewithouttransfrmtnfnc\3droatatecubewithouttransformationfnc.cpp(531): warning C4244: '=': conversion from 'double' to 'GLfloat', possible loss of data
       Link:
         C:\Program Files (x86)\Microsoft Visual Studio 14.0\VC\bin\link.exe /ERRORREPORT:PROMPT /OUT:"E:\study\workspaces\visual_studio\OpenGL_win32_DirectX\Assignment4\3DRotationCubeWithoutTransfrmtnFnc\Debug\3DRotationCubeWithoutTransfrmtnFnc.exe" /INCREMENTAL /NOLOGO kernel32.lib user32.lib gdi32.lib winspool.lib comdlg32.lib advapi32.lib shell32.lib ole32.lib oleaut32.lib uuid.lib odbc32.lib odbccp32.lib /MANIFEST /MANIFESTUAC:"level='asInvoker' uiAccess='false'" /manifest:embed /Debug /PDB:"E:\study\workspaces\visual_studio\OpenGL_win32_DirectX\Assignment4\3DRotationCubeWithoutTransfrmtnFnc\Debug\3DRotationCubeWithoutTransfrmtnFnc.pdb" /SUBSYSTEM:WINDOWS /TLBID:1 /DYNAMICBASE /NXCOMPAT /IMPLIB:"E:\study\workspaces\visual_studio\OpenGL_win32_DirectX\Assignment4\3DRotationCubeWithoutTransfrmtnFnc\Debug\3DRotationCubeWithoutTransfrmtnFnc.lib" /MACHINE:X86 Debug\3DRoatateCubeWithoutTransformationFnc.obj
         3DRotationCubeWithoutTransfrmtnFnc.vcxproj -> E:\study\workspaces\visual_studio\OpenGL_win32_DirectX\Assignment4\3DRotationCubeWithoutTransfrmtnFnc\Debug\3DRotationCubeWithoutTransfrmtnFnc.exe
     1>Done Building Project "E:\study\workspaces\visual_studio\OpenGL_win32_DirectX\Assignment4\3DRotationCubeWithoutTransfrmtnFnc\3DRotationCubeWithoutTransfrmtnFnc\3DRotationCubeWithoutTransfrmtnFnc.vcxproj" (Build target(s)).

Build succeeded.

Time Elapsed 00:00:01.27
