e:\workspaces\visualstudio15\opengl_win32_directx\oglprogrammablepipeline\assignment_3\assignment_1\oglwindow\oglwindow\debug\vc140.pdb
e:\workspaces\visualstudio15\opengl_win32_directx\oglprogrammablepipeline\assignment_3\assignment_1\oglwindow\oglwindow\debug\vc140.idb
e:\workspaces\visualstudio15\opengl_win32_directx\oglprogrammablepipeline\assignment_3\assignment_1\oglwindow\oglwindow\debug\source.obj
e:\workspaces\visualstudio15\opengl_win32_directx\oglprogrammablepipeline\assignment_4\assignment_1\oglwindow\oglwindow\debug\vc140.pdb
e:\workspaces\visualstudio15\opengl_win32_directx\oglprogrammablepipeline\assignment_4\assignment_1\oglwindow\oglwindow\debug\vc140.idb
e:\workspaces\visualstudio15\opengl_win32_directx\oglprogrammablepipeline\assignment_4\assignment_1\oglwindow\oglwindow\debug\source.obj
e:\workspaces\visualstudio15\opengl_win32_directx\oglprogrammablepipeline\assignment_4\assignment_3\oglwindow\oglwindow\debug\vc140.pdb
e:\workspaces\visualstudio15\opengl_win32_directx\oglprogrammablepipeline\assignment_4\assignment_3\oglwindow\oglwindow\debug\vc140.idb
e:\workspaces\visualstudio15\opengl_win32_directx\oglprogrammablepipeline\assignment_4\assignment_3\oglwindow\oglwindow\debug\source.obj
e:\workspaces\visualstudio15\opengl_win32_directx\oglprogrammablepipeline\assignment_4\assignment_4\oglwindow\oglwindow\debug\vc140.pdb
e:\workspaces\visualstudio15\opengl_win32_directx\oglprogrammablepipeline\assignment_4\assignment_4\oglwindow\oglwindow\debug\vc140.idb
e:\workspaces\visualstudio15\opengl_win32_directx\oglprogrammablepipeline\assignment_4\assignment_4\oglwindow\oglwindow\debug\source.obj
e:\workspaces\visualstudio15\opengl_win32_directx\oglprogrammablepipeline\assignment_4\assignment_5\oglwindow\oglwindow\debug\vc140.pdb
e:\workspaces\visualstudio15\opengl_win32_directx\oglprogrammablepipeline\assignment_4\assignment_5\oglwindow\oglwindow\debug\vc140.idb
e:\workspaces\visualstudio15\opengl_win32_directx\oglprogrammablepipeline\assignment_4\assignment_5\oglwindow\oglwindow\debug\source.obj
e:\workspaces\visualstudio15\opengl_win32_directx\oglprogrammablepipeline\assignment_4\assignment_6\oglwindow\oglwindow\debug\vc140.pdb
e:\workspaces\visualstudio15\opengl_win32_directx\oglprogrammablepipeline\assignment_4\assignment_6\oglwindow\oglwindow\debug\vc140.idb
e:\workspaces\visualstudio15\opengl_win32_directx\oglprogrammablepipeline\assignment_4\assignment_6\oglwindow\oglwindow\debug\source.obj
e:\workspaces\visualstudio15\opengl_win32_directx\oglprogrammablepipeline\assignment_5\assignment_1\oglwindow\oglwindow\debug\vc140.pdb
e:\workspaces\visualstudio15\opengl_win32_directx\oglprogrammablepipeline\assignment_5\assignment_1\oglwindow\oglwindow\debug\vc140.idb
e:\workspaces\visualstudio15\opengl_win32_directx\oglprogrammablepipeline\assignment_5\assignment_1\oglwindow\oglwindow\debug\source.obj
e:\workspaces\visualstudio15\opengl_win32_directx\oglprogrammablepipeline\assignment_3\assignment_1\oglwindow\debug\oglwindow.ilk
e:\workspaces\visualstudio15\opengl_win32_directx\oglprogrammablepipeline\assignment_3\assignment_1\oglwindow\debug\oglwindow.exe
e:\workspaces\visualstudio15\opengl_win32_directx\oglprogrammablepipeline\assignment_3\assignment_1\oglwindow\debug\oglwindow.pdb
e:\workspaces\visualstudio15\opengl_win32_directx\oglprogrammablepipeline\assignment_4\assignment_1\oglwindow\debug\oglwindow.ilk
e:\workspaces\visualstudio15\opengl_win32_directx\oglprogrammablepipeline\assignment_4\assignment_1\oglwindow\debug\oglwindow.exe
e:\workspaces\visualstudio15\opengl_win32_directx\oglprogrammablepipeline\assignment_4\assignment_1\oglwindow\debug\oglwindow.pdb
e:\workspaces\visualstudio15\opengl_win32_directx\oglprogrammablepipeline\assignment_4\assignment_3\oglwindow\debug\oglwindow.ilk
e:\workspaces\visualstudio15\opengl_win32_directx\oglprogrammablepipeline\assignment_4\assignment_3\oglwindow\debug\oglwindow.exe
e:\workspaces\visualstudio15\opengl_win32_directx\oglprogrammablepipeline\assignment_4\assignment_3\oglwindow\debug\oglwindow.pdb
e:\workspaces\visualstudio15\opengl_win32_directx\oglprogrammablepipeline\assignment_4\assignment_4\oglwindow\debug\oglwindow.ilk
e:\workspaces\visualstudio15\opengl_win32_directx\oglprogrammablepipeline\assignment_4\assignment_4\oglwindow\debug\oglwindow.exe
e:\workspaces\visualstudio15\opengl_win32_directx\oglprogrammablepipeline\assignment_4\assignment_4\oglwindow\debug\oglwindow.pdb
e:\workspaces\visualstudio15\opengl_win32_directx\oglprogrammablepipeline\assignment_4\assignment_5\oglwindow\debug\oglwindow.ilk
e:\workspaces\visualstudio15\opengl_win32_directx\oglprogrammablepipeline\assignment_4\assignment_5\oglwindow\debug\oglwindow.exe
e:\workspaces\visualstudio15\opengl_win32_directx\oglprogrammablepipeline\assignment_4\assignment_5\oglwindow\debug\oglwindow.pdb
e:\workspaces\visualstudio15\opengl_win32_directx\oglprogrammablepipeline\assignment_4\assignment_6\oglwindow\debug\oglwindow.ilk
e:\workspaces\visualstudio15\opengl_win32_directx\oglprogrammablepipeline\assignment_4\assignment_6\oglwindow\debug\oglwindow.exe
e:\workspaces\visualstudio15\opengl_win32_directx\oglprogrammablepipeline\assignment_4\assignment_6\oglwindow\debug\oglwindow.pdb
e:\workspaces\visualstudio15\opengl_win32_directx\oglprogrammablepipeline\assignment_5\assignment_1\oglwindow\debug\oglwindow.ilk
e:\workspaces\visualstudio15\opengl_win32_directx\oglprogrammablepipeline\assignment_5\assignment_1\oglwindow\debug\oglwindow.exe
e:\workspaces\visualstudio15\opengl_win32_directx\oglprogrammablepipeline\assignment_5\assignment_1\oglwindow\debug\oglwindow.pdb
e:\workspaces\visualstudio15\opengl_win32_directx\oglprogrammablepipeline\assignment_5\assignment_1\oglwindow\oglwindow\debug\resource.res
e:\workspaces\visualstudio15\opengl_win32_directx\oglprogrammablepipeline\assignment_5\assignment_1\oglwindow\oglwindow\debug\oglwindow.tlog\cl.command.1.tlog
e:\workspaces\visualstudio15\opengl_win32_directx\oglprogrammablepipeline\assignment_5\assignment_1\oglwindow\oglwindow\debug\oglwindow.tlog\cl.read.1.tlog
e:\workspaces\visualstudio15\opengl_win32_directx\oglprogrammablepipeline\assignment_5\assignment_1\oglwindow\oglwindow\debug\oglwindow.tlog\cl.write.1.tlog
e:\workspaces\visualstudio15\opengl_win32_directx\oglprogrammablepipeline\assignment_5\assignment_1\oglwindow\oglwindow\debug\oglwindow.tlog\link.command.1.tlog
e:\workspaces\visualstudio15\opengl_win32_directx\oglprogrammablepipeline\assignment_5\assignment_1\oglwindow\oglwindow\debug\oglwindow.tlog\link.read.1.tlog
e:\workspaces\visualstudio15\opengl_win32_directx\oglprogrammablepipeline\assignment_5\assignment_1\oglwindow\oglwindow\debug\oglwindow.tlog\link.write.1.tlog
e:\workspaces\visualstudio15\opengl_win32_directx\oglprogrammablepipeline\assignment_5\assignment_1\oglwindow\oglwindow\debug\oglwindow.tlog\rc.command.1.tlog
e:\workspaces\visualstudio15\opengl_win32_directx\oglprogrammablepipeline\assignment_5\assignment_1\oglwindow\oglwindow\debug\oglwindow.tlog\rc.read.1.tlog
e:\workspaces\visualstudio15\opengl_win32_directx\oglprogrammablepipeline\assignment_5\assignment_1\oglwindow\oglwindow\debug\oglwindow.tlog\rc.write.1.tlog
